[handleMsg]:  {
  key: {
    remoteJid: '5219842343944@s.whatsapp.net',
    fromMe: false,
    id: 'FCEF016F7B49DCE24E4CEC63B8604F85',
    participant: undefined
  },
  messageTimestamp: 1682054430,
  pushName: 'Héctor Ruiz',
  message: Message {
    extendedTextMessage: ExtendedTextMessage {
      text: 'Sy wey',
      previewType: 0,
      contextInfo: [ContextInfo],
      inviteLinkGroupTypeV2: 0
    },
    messageContextInfo: MessageContextInfo {
      deviceListMetadata: [DeviceListMetadata],
      deviceListMetadataVersion: 2
    }
  },
  body: 'Sy wey',
  from: '5219842343944'
}
[handleMsg]:  {
  key: {
    remoteJid: '5219842343944@s.whatsapp.net',
    fromMe: false,
    id: 'B7CE8E3E558E18D26E045515FAD58CC2',
    participant: undefined
  },
  messageTimestamp: 1682054465,
  pushName: 'Héctor Ruiz',
  message: Message {
    conversation: 'Yap qué',
    messageContextInfo: MessageContextInfo {
      deviceListMetadata: [DeviceListMetadata],
      deviceListMetadataVersion: 2
    }
  },
  body: 'Yap qué',
  from: '5219842343944'
}
[handleMsg]:  {
  key: {
    remoteJid: '5219842343944@s.whatsapp.net',
    fromMe: false,
    id: '8A989643DBCC7373EC7107AA7350784F',
    participant: undefined
  },
  messageTimestamp: 1682054471,
  pushName: 'Héctor Ruiz',
  message: Message {
    conversation: 'Terminaste el curso?',
    messageContextInfo: MessageContextInfo {
      deviceListMetadata: [DeviceListMetadata],
      deviceListMetadataVersion: 2
    }
  },
  body: 'Terminaste el curso?',
  from: '5219842343944'
}
[handleMsg]:  {
  key: {
    remoteJid: '5219842343944@s.whatsapp.net',
    fromMe: false,
    id: 'EB109521C3BC42BD33342AE61109738D',
    participant: undefined
  },
  messageTimestamp: 1682054472,
  pushName: 'Héctor Ruiz',
  message: Message {
    conversation: '💀',
    messageContextInfo: MessageContextInfo {
      deviceListMetadata: [DeviceListMetadata],
      deviceListMetadataVersion: 2
    }
  },
  body: '💀',
  from: '5219842343944'
}
[handleMsg]:  {
  key: {
    remoteJid: '5219842343944@s.whatsapp.net',
    fromMe: false,
    id: '3EB05493D636D327E45714',
    participant: undefined
  },
  messageTimestamp: 1682054598,
  pushName: 'Héctor Ruiz',
  messageStubType: 2,
  messageStubParameters: [ 'Message absent from node' ],
  body: undefined,
  from: '5219842343944'
}
[handleMsg]:  {
  key: {
    remoteJid: '5219842343944@s.whatsapp.net',
    fromMe: false,
    id: '3EB05493D636D327E45714',
    participant: undefined
  },
  messageTimestamp: 1682054599,
  pushName: 'Héctor Ruiz',
  message: Message {
    conversation: 'debes en cuando debes perder unas',
    messageContextInfo: MessageContextInfo {
      deviceListMetadata: [DeviceListMetadata],
      deviceListMetadataVersion: 2
    }
  },
  body: 'debes en cuando debes perder unas',
  from: '5219842343944'
}
[handleMsg]:  {
  key: {
    remoteJid: '5219842343944@s.whatsapp.net',
    fromMe: false,
    id: '3EB0F342E1C035E99DC30B',
    participant: undefined
  },
  messageTimestamp: 1682054604,
  pushName: 'Héctor Ruiz',
  message: Message {
    conversation: 'para no atrofiar tu cerebro',
    messageContextInfo: MessageContextInfo {
      deviceListMetadata: [DeviceListMetadata],
      deviceListMetadataVersion: 2
    }
  },
  body: 'para no atrofiar tu cerebro',
  from: '5219842343944'
}
[handleMsg]:  {
  key: {
    remoteJid: '5219842343944@s.whatsapp.net',
    fromMe: false,
    id: '3EB0EA07579A6A4713760D',
    participant: undefined
  },
  messageTimestamp: 1682054609,
  pushName: 'Héctor Ruiz',
  message: Message {
    conversation: 'no le sabes a la neurociencia',
    messageContextInfo: MessageContextInfo {
      deviceListMetadata: [DeviceListMetadata],
      deviceListMetadataVersion: 2
    }
  },
  body: 'no le sabes a la neurociencia',
  from: '5219842343944'
}
[handleMsg]:  {
  key: {
    remoteJid: '5219842343944@s.whatsapp.net',
    fromMe: false,
    id: '3EB0ADE96732DA1E257D56',
    participant: undefined
  },
  messageTimestamp: 1682054613,
  pushName: 'Héctor Ruiz',
  message: Message {
    conversation: ':p',
    messageContextInfo: MessageContextInfo {
      deviceListMetadata: [DeviceListMetadata],
      deviceListMetadataVersion: 2
    }
  },
  body: ':p',
  from: '5219842343944'
}
[handleMsg]:  {
  key: {
    remoteJid: '5219842343944@s.whatsapp.net',
    fromMe: false,
    id: '3EB03C5459D03CE6B0CE8F',
    participant: undefined
  },
  messageTimestamp: 1682054650,
  pushName: 'Héctor Ruiz',
  message: Message {
    conversation: 'qué?',
    messageContextInfo: MessageContextInfo {
      deviceListMetadata: [DeviceListMetadata],
      deviceListMetadataVersion: 2
    }
  },
  body: 'qué?',
  from: '5219842343944'
}
[handleMsg]:  {
  key: {
    remoteJid: '5219842343944@s.whatsapp.net',
    fromMe: false,
    id: '3EB03351B686592A745E73',
    participant: undefined
  },
  messageTimestamp: 1682054660,
  pushName: 'Héctor Ruiz',
  message: Message {
    conversation: 'no dije ningún insulto',
    messageContextInfo: MessageContextInfo {
      deviceListMetadata: [DeviceListMetadata],
      deviceListMetadataVersion: 2
    }
  },
  body: 'no dije ningún insulto',
  from: '5219842343944'
}
[handleMsg]:  {
  key: {
    remoteJid: '5219842343944@s.whatsapp.net',
    fromMe: false,
    id: '3EB06ECA7B9CF0F880F5BC',
    participant: undefined
  },
  messageTimestamp: 1682054680,
  pushName: 'Héctor Ruiz',
  message: Message {
    conversation: 'pues me disculpo',
    messageContextInfo: MessageContextInfo {
      deviceListMetadata: [DeviceListMetadata],
      deviceListMetadataVersion: 2
    }
  },
  body: 'pues me disculpo',
  from: '5219842343944'
}
[handleMsg]:  {
  key: {
    remoteJid: '5219842343944@s.whatsapp.net',
    fromMe: false,
    id: '3EB045315673D606943CC7',
    participant: undefined
  },
  messageTimestamp: 1682054687,
  pushName: 'Héctor Ruiz',
  message: Message {
    conversation: ':(',
    messageContextInfo: MessageContextInfo {
      deviceListMetadata: [DeviceListMetadata],
      deviceListMetadataVersion: 2
    }
  },
  body: ':(',
  from: '5219842343944'
}
[handleMsg]:  {
  key: {
    remoteJid: '5219842343944@s.whatsapp.net',
    fromMe: false,
    id: '3EB05E3516DD0D81EBF389',
    participant: undefined
  },
  messageTimestamp: 1682054693,
  pushName: 'Héctor Ruiz',
  message: Message {
    conversation: 'no sé hablar sin ofenderte',
    messageContextInfo: MessageContextInfo {
      deviceListMetadata: [DeviceListMetadata],
      deviceListMetadataVersion: 2
    }
  },
  body: 'no sé hablar sin ofenderte',
  from: '5219842343944'
}
[handleMsg]:  {
  key: {
    remoteJid: '5219842343944@s.whatsapp.net',
    fromMe: false,
    id: '3EB01EF3221CB704555C24',
    participant: undefined
  },
  messageTimestamp: 1682054699,
  pushName: 'Héctor Ruiz',
  message: Message {
    conversation: 'enseñame',
    messageContextInfo: MessageContextInfo {
      deviceListMetadata: [DeviceListMetadata],
      deviceListMetadataVersion: 2
    }
  },
  body: 'enseñame',
  from: '5219842343944'
}
